  Player.cpp
c:\users\gameuser\yearproject\base\base\player.cpp(22): warning C4244: 'initializing': conversion from 'double' to 'int', possible loss of data
c:\users\gameuser\yearproject\base\base\player.cpp(23): warning C4244: '*=': conversion from 'float' to 'int', possible loss of data
c:\users\gameuser\yearproject\base\base\player.cpp(59): warning C4244: 'initializing': conversion from 'double' to 'int', possible loss of data
c:\users\gameuser\yearproject\base\base\player.cpp(60): warning C4244: '*=': conversion from 'float' to 'int', possible loss of data
  GameScreen.cpp
c:\users\gameuser\yearproject\base\base\gamescreen.cpp(5): warning C4018: '<': signed/unsigned mismatch
c:\users\gameuser\yearproject\base\base\gamescreen.cpp(7): warning C4018: '<': signed/unsigned mismatch
c:\users\gameuser\yearproject\base\base\gamescreen.cpp(15): warning C4018: '<': signed/unsigned mismatch
c:\users\gameuser\yearproject\base\base\gamescreen.cpp(17): warning C4018: '<': signed/unsigned mismatch
c:\users\gameuser\yearproject\base\base\gamescreen.cpp(49): warning C4244: 'argument': conversion from 'int' to 'float', possible loss of data
c:\users\gameuser\yearproject\base\base\gamescreen.cpp(76): warning C4244: 'argument': conversion from 'int' to 'float', possible loss of data
c:\users\gameuser\yearproject\base\base\gamescreen.cpp(223): warning C4018: '<': signed/unsigned mismatch
  Generating Code...
c:\users\gameuser\yearproject\base\base\player.cpp(185): warning C4715: 'Player::getAP': not all control paths return a value
  Compiling...
  ScreenManager.cpp
  MainMenu.cpp
  Main.cpp
  HudManager.cpp
c:\users\gameuser\yearproject\base\base\hudmanager.cpp(51): warning C4244: 'argument': conversion from 'double' to 'float', possible loss of data
c:\users\gameuser\yearproject\base\base\hudmanager.cpp(54): warning C4244: 'argument': conversion from 'double' to 'float', possible loss of data
c:\users\gameuser\yearproject\base\base\hudmanager.cpp(57): warning C4244: 'argument': conversion from 'double' to 'float', possible loss of data
  Generating Code...
  Base.vcxproj -> C:\Users\gameuser\YearProject\Base\Debug\Base.exe
  Base.vcxproj -> C:\Users\gameuser\YearProject\Base\Debug\Base.pdb (Partial PDB)
