c:\users\gameuser\yearproject\base\base\debug\vc140.pdb
c:\users\gameuser\yearproject\base\base\debug\vc140.idb
c:\users\gameuser\yearproject\base\base\debug\buttonmanager.obj
c:\users\gameuser\yearproject\base\base\debug\crystal.obj
c:\users\gameuser\yearproject\base\base\debug\gamescreen.obj
c:\users\gameuser\yearproject\base\base\debug\main.obj
c:\users\gameuser\yearproject\base\base\debug\mainmenu.obj
c:\users\gameuser\yearproject\base\base\debug\menubutton.obj
c:\users\gameuser\yearproject\base\base\debug\screenmanager.obj
c:\users\gameuser\yearproject\base\base\debug\hudmanager.obj
c:\users\gameuser\yearproject\base\base\debug\player.obj
g:\git\project\yearproject\base\base\debug\vc140.pdb
g:\git\project\yearproject\base\base\debug\vc140.idb
g:\git\project\yearproject\base\base\debug\buttonmanager.obj
g:\git\project\yearproject\base\base\debug\crystal.obj
g:\git\project\yearproject\base\base\debug\gamescreen.obj
g:\git\project\yearproject\base\base\debug\main.obj
g:\git\project\yearproject\base\base\debug\mainmenu.obj
g:\git\project\yearproject\base\base\debug\menubutton.obj
g:\git\project\yearproject\base\base\debug\player.obj
g:\git\project\yearproject\base\base\debug\screenmanager.obj
g:\git\project\yearproject\base\base\debug\hudmanager.obj
c:\users\gameuser\yearproject\base\debug\base.ilk
c:\users\gameuser\yearproject\base\debug\base.exe
c:\users\gameuser\yearproject\base\debug\base.pdb
g:\git\project\yearproject\base\debug\base.pdb
g:\git\project\yearproject\base\base\debug\base.tlog\cl.command.1.tlog
g:\git\project\yearproject\base\base\debug\base.tlog\cl.read.1.tlog
g:\git\project\yearproject\base\base\debug\base.tlog\cl.write.1.tlog
g:\git\project\yearproject\base\base\debug\base.tlog\link-cvtres.read.1.tlog
g:\git\project\yearproject\base\base\debug\base.tlog\link-cvtres.write.1.tlog
g:\git\project\yearproject\base\base\debug\base.tlog\link-rc.read.1.tlog
g:\git\project\yearproject\base\base\debug\base.tlog\link-rc.write.1.tlog
g:\git\project\yearproject\base\base\debug\base.tlog\link.command.1.tlog
g:\git\project\yearproject\base\base\debug\base.tlog\link.read.1.tlog
g:\git\project\yearproject\base\base\debug\base.tlog\link.write.1.tlog
