c:\users\gameuser\yearproject\base\base\release\vc140.pdb
c:\users\gameuser\yearproject\base\base\release\screenmanager.obj
c:\users\gameuser\yearproject\base\base\release\player.obj
c:\users\gameuser\yearproject\base\base\release\menubutton.obj
c:\users\gameuser\yearproject\base\base\release\mainmenu.obj
c:\users\gameuser\yearproject\base\base\release\main.obj
c:\users\gameuser\yearproject\base\base\release\hudmanager.obj
c:\users\gameuser\yearproject\base\base\release\gamescreen.obj
c:\users\gameuser\yearproject\base\base\release\gameoverscreen.obj
c:\users\gameuser\yearproject\base\base\release\crystal.obj
c:\users\gameuser\yearproject\base\base\release\buttonmanager.obj
c:\users\gameuser\yearproject\base\release\base.exe
c:\users\gameuser\yearproject\base\release\base.ipdb
c:\users\gameuser\yearproject\base\release\base.iobj
c:\users\gameuser\yearproject\base\release\base.pdb
c:\users\gameuser\yearproject\base\base\release\base.tlog\cl.command.1.tlog
c:\users\gameuser\yearproject\base\base\release\base.tlog\cl.read.1.tlog
c:\users\gameuser\yearproject\base\base\release\base.tlog\cl.write.1.tlog
c:\users\gameuser\yearproject\base\base\release\base.tlog\link.command.1.tlog
c:\users\gameuser\yearproject\base\base\release\base.tlog\link.read.1.tlog
c:\users\gameuser\yearproject\base\base\release\base.tlog\link.write.1.tlog
